2022-07-20 09:59:26.020  INFO 2616 --- [main] com.order.OrderServiceApplication        : Starting OrderServiceApplication using Java 11.0.11 on FERCAN with PID 2616 (C:\Users\User\Documents\EclipseEnterpriseV2\EclipseGit\Taller_Microservicios\order-service\target\classes started by User in C:\Users\User\Documents\EclipseEnterpriseV2\EclipseGit\Taller_Microservicios\order-service)
2022-07-20 09:59:26.027  INFO 2616 --- [main] com.order.OrderServiceApplication        : No active profile set, falling back to 1 default profile: "default"
2022-07-20 09:59:28.516  INFO 2616 --- [main] .s.d.r.c.RepositoryConfigurationDelegate : Bootstrapping Spring Data MongoDB repositories in DEFAULT mode.
2022-07-20 09:59:29.020  INFO 2616 --- [main] .s.d.r.c.RepositoryConfigurationDelegate : Finished Spring Data repository scanning in 490 ms. Found 1 MongoDB repository interfaces.
2022-07-20 09:59:29.663  INFO 2616 --- [main] o.s.cloud.context.scope.GenericScope     : BeanFactory id=68220dd5-9c2d-394d-83b0-be9f120c7cf2
2022-07-20 09:59:30.470  INFO 2616 --- [main] o.s.b.w.embedded.tomcat.TomcatWebServer  : Tomcat initialized with port(s): 9003 (http)
2022-07-20 09:59:30.495  INFO 2616 --- [main] o.apache.catalina.core.StandardService   : Starting service [Tomcat]
2022-07-20 09:59:30.496  INFO 2616 --- [main] org.apache.catalina.core.StandardEngine  : Starting Servlet engine: [Apache Tomcat/9.0.64]
2022-07-20 09:59:30.810  INFO 2616 --- [main] o.a.c.c.C.[Tomcat].[localhost].[/]       : Initializing Spring embedded WebApplicationContext
2022-07-20 09:59:30.811  INFO 2616 --- [main] w.s.c.ServletWebServerApplicationContext : Root WebApplicationContext: initialization completed in 4701 ms
2022-07-20 09:59:31.479  INFO 2616 --- [main] org.mongodb.driver.client                : MongoClient with metadata {"driver": {"name": "mongo-java-driver|sync|spring-boot", "version": "4.6.1"}, "os": {"type": "Windows", "name": "Windows 10", "architecture": "amd64", "version": "10.0"}, "platform": "Java/Oracle Corporation/11.0.11+9-LTS-194"} created with settings MongoClientSettings{readPreference=primary, writeConcern=WriteConcern{w=null, wTimeout=null ms, journal=null}, retryWrites=true, retryReads=true, readConcern=ReadConcern{level=null}, credential=null, streamFactoryFactory=null, commandListeners=[io.micrometer.core.instrument.binder.mongodb.MongoMetricsCommandListener@30fbc23], codecRegistry=ProvidersCodecRegistry{codecProviders=[ValueCodecProvider{}, BsonValueCodecProvider{}, DBRefCodecProvider{}, DBObjectCodecProvider{}, DocumentCodecProvider{}, IterableCodecProvider{}, MapCodecProvider{}, GeoJsonCodecProvider{}, GridFSFileCodecProvider{}, Jsr310CodecProvider{}, JsonObjectCodecProvider{}, BsonCodecProvider{}, EnumCodecProvider{}, com.mongodb.Jep395RecordCodecProvider@2d74cbbd]}, clusterSettings={hosts=[localhost:27017], srvServiceName=mongodb, mode=SINGLE, requiredClusterType=UNKNOWN, requiredReplicaSetName='null', serverSelector='null', clusterListeners='[]', serverSelectionTimeout='30000 ms', localThreshold='30000 ms'}, socketSettings=SocketSettings{connectTimeoutMS=10000, readTimeoutMS=0, receiveBufferSize=0, sendBufferSize=0}, heartbeatSocketSettings=SocketSettings{connectTimeoutMS=10000, readTimeoutMS=10000, receiveBufferSize=0, sendBufferSize=0}, connectionPoolSettings=ConnectionPoolSettings{maxSize=100, minSize=0, maxWaitTimeMS=120000, maxConnectionLifeTimeMS=0, maxConnectionIdleTimeMS=0, maintenanceInitialDelayMS=0, maintenanceFrequencyMS=60000, connectionPoolListeners=[io.micrometer.core.instrument.binder.mongodb.MongoMetricsConnectionPoolListener@3e2d44f3], maxConnecting=2}, serverSettings=ServerSettings{heartbeatFrequencyMS=10000, minHeartbeatFrequencyMS=500, serverListeners='[]', serverMonitorListeners='[]'}, sslSettings=SslSettings{enabled=false, invalidHostNameAllowed=false, context=null}, applicationName='null', compressorList=[], uuidRepresentation=JAVA_LEGACY, serverApi=null, autoEncryptionSettings=null, contextProvider=null}
2022-07-20 09:59:31.511  INFO 2616 --- [cluster-ClusterId{value='62d818538ff6116b7ba0bc47', description='null'}-localhost:27017] org.mongodb.driver.connection            : Opened connection [connectionId{localValue:1, serverValue:31}] to localhost:27017
2022-07-20 09:59:31.510  INFO 2616 --- [cluster-rtt-ClusterId{value='62d818538ff6116b7ba0bc47', description='null'}-localhost:27017] org.mongodb.driver.connection            : Opened connection [connectionId{localValue:2, serverValue:32}] to localhost:27017
2022-07-20 09:59:31.514  INFO 2616 --- [cluster-ClusterId{value='62d818538ff6116b7ba0bc47', description='null'}-localhost:27017] org.mongodb.driver.cluster               : Monitor thread successfully connected to server with description ServerDescription{address=localhost:27017, type=STANDALONE, state=CONNECTED, ok=true, minWireVersion=0, maxWireVersion=13, maxDocumentSize=16777216, logicalSessionTimeoutMinutes=30, roundTripTimeNanos=46616800}
2022-07-20 09:59:31.652  WARN 2616 --- [main] o.s.data.convert.CustomConversions       : Registering converter from class java.time.LocalDateTime to class org.joda.time.LocalDateTime as reading converter although it doesn't convert from a store-supported type; You might want to check your annotation setup at the converter implementation
2022-07-20 09:59:31.930  WARN 2616 --- [main] o.s.data.convert.CustomConversions       : Registering converter from class java.time.LocalDateTime to class org.joda.time.LocalDateTime as reading converter although it doesn't convert from a store-supported type; You might want to check your annotation setup at the converter implementation
2022-07-20 09:59:34.990  INFO 2616 --- [main] DiscoveryClientOptionalArgsConfiguration : Eureka HTTP Client uses RestTemplate.
2022-07-20 09:59:35.093  WARN 2616 --- [main] iguration$LoadBalancerCaffeineWarnLogger : Spring Cloud LoadBalancer is currently working with the default cache. While this cache implementation is useful for development and tests, it's recommended to use Caffeine cache in production.You can switch to using Caffeine cache, by adding it and org.springframework.cache.caffeine.CaffeineCacheManager to the classpath.
2022-07-20 09:59:35.115  INFO 2616 --- [main] o.s.b.a.e.web.EndpointLinksResolver      : Exposing 18 endpoint(s) beneath base path '/actuator'
2022-07-20 09:59:35.259  INFO 2616 --- [main] o.s.c.n.eureka.InstanceInfoFactory       : Setting initial instance status as: STARTING
2022-07-20 09:59:35.371  INFO 2616 --- [main] com.netflix.discovery.DiscoveryClient    : Initializing Eureka in region us-east-1
2022-07-20 09:59:35.385  INFO 2616 --- [main] c.n.d.s.r.aws.ConfigClusterResolver      : Resolving eureka endpoints via configuration
2022-07-20 09:59:35.449  INFO 2616 --- [main] com.netflix.discovery.DiscoveryClient    : Disable delta property : false
2022-07-20 09:59:35.450  INFO 2616 --- [main] com.netflix.discovery.DiscoveryClient    : Single vip registry refresh property : null
2022-07-20 09:59:35.457  INFO 2616 --- [main] com.netflix.discovery.DiscoveryClient    : Force full registry fetch : false
2022-07-20 09:59:35.457  INFO 2616 --- [main] com.netflix.discovery.DiscoveryClient    : Application is null : false
2022-07-20 09:59:35.459  INFO 2616 --- [main] com.netflix.discovery.DiscoveryClient    : Registered Applications size is zero : true
2022-07-20 09:59:35.462  INFO 2616 --- [main] com.netflix.discovery.DiscoveryClient    : Application version is -1: true
2022-07-20 09:59:35.465  INFO 2616 --- [main] com.netflix.discovery.DiscoveryClient    : Getting all instance registry info from the eureka server
2022-07-20 09:59:36.295  INFO 2616 --- [main] com.netflix.discovery.DiscoveryClient    : The response status is 200
2022-07-20 09:59:36.302  INFO 2616 --- [main] com.netflix.discovery.DiscoveryClient    : Starting heartbeat executor: renew interval is: 30
2022-07-20 09:59:36.307  INFO 2616 --- [main] c.n.discovery.InstanceInfoReplicator     : InstanceInfoReplicator onDemand update allowed rate per min is 4
2022-07-20 09:59:36.318  INFO 2616 --- [main] com.netflix.discovery.DiscoveryClient    : Discovery Client initialized at timestamp 1658329176316 with initial instances count: 2
2022-07-20 09:59:36.320  INFO 2616 --- [main] o.s.c.n.e.s.EurekaServiceRegistry        : Registering application ORDER-SERVICE with eureka with status UP
2022-07-20 09:59:36.321  INFO 2616 --- [main] com.netflix.discovery.DiscoveryClient    : Saw local status change event StatusChangeEvent [timestamp=1658329176321, current=UP, previous=STARTING]
2022-07-20 09:59:36.325  INFO 2616 --- [DiscoveryClient-InstanceInfoReplicator-0] com.netflix.discovery.DiscoveryClient    : DiscoveryClient_ORDER-SERVICE/host.docker.internal:order-service:9003: registering service...
2022-07-20 09:59:36.387  INFO 2616 --- [main] o.s.b.w.embedded.tomcat.TomcatWebServer  : Tomcat started on port(s): 9003 (http) with context path ''
2022-07-20 09:59:36.392  INFO 2616 --- [main] .s.c.n.e.s.EurekaAutoServiceRegistration : Updating port to 9003
2022-07-20 09:59:36.404  INFO 2616 --- [DiscoveryClient-InstanceInfoReplicator-0] com.netflix.discovery.DiscoveryClient    : DiscoveryClient_ORDER-SERVICE/host.docker.internal:order-service:9003 - registration status: 204
2022-07-20 09:59:36.488  INFO 2616 --- [RMI TCP Connection(3)-127.0.0.1] o.a.c.c.C.[Tomcat].[localhost].[/]       : Initializing Spring DispatcherServlet 'dispatcherServlet'
2022-07-20 09:59:36.489  INFO 2616 --- [RMI TCP Connection(3)-127.0.0.1] o.s.web.servlet.DispatcherServlet        : Initializing Servlet 'dispatcherServlet'
2022-07-20 09:59:36.494  INFO 2616 --- [RMI TCP Connection(3)-127.0.0.1] o.s.web.servlet.DispatcherServlet        : Completed initialization in 5 ms
2022-07-20 09:59:37.099  INFO 2616 --- [main] com.order.OrderServiceApplication        : Started OrderServiceApplication in 12.685 seconds (JVM running for 14.69)
2022-07-20 10:01:19.977  INFO 2616 --- [RMI TCP Connection(6)-127.0.0.1] inMXBeanRegistrar$SpringApplicationAdmin : Application shutdown requested.
2022-07-20 10:01:19.979  INFO 2616 --- [RMI TCP Connection(6)-127.0.0.1] o.s.c.n.e.s.EurekaServiceRegistry        : Unregistering application ORDER-SERVICE with eureka with status DOWN
2022-07-20 10:01:19.980  INFO 2616 --- [RMI TCP Connection(6)-127.0.0.1] com.netflix.discovery.DiscoveryClient    : Saw local status change event StatusChangeEvent [timestamp=1658329279980, current=DOWN, previous=UP]
2022-07-20 10:01:19.984  INFO 2616 --- [DiscoveryClient-InstanceInfoReplicator-0] com.netflix.discovery.DiscoveryClient    : DiscoveryClient_ORDER-SERVICE/host.docker.internal:order-service:9003: registering service...
2022-07-20 10:01:20.000  INFO 2616 --- [DiscoveryClient-InstanceInfoReplicator-0] com.netflix.discovery.DiscoveryClient    : DiscoveryClient_ORDER-SERVICE/host.docker.internal:order-service:9003 - registration status: 204
2022-07-20 10:01:20.428  INFO 2616 --- [RMI TCP Connection(6)-127.0.0.1] com.netflix.discovery.DiscoveryClient    : Shutting down DiscoveryClient ...
2022-07-20 10:05:03.835  INFO 22712 --- [main] com.order.OrderServiceApplication        : Starting OrderServiceApplication using Java 11.0.11 on FERCAN with PID 22712 (C:\Users\User\Documents\EclipseEnterpriseV2\EclipseGit\Taller_Microservicios\order-service\target\classes started by User in C:\Users\User\Documents\EclipseEnterpriseV2\EclipseGit\Taller_Microservicios\order-service)
2022-07-20 10:05:03.840  INFO 22712 --- [main] com.order.OrderServiceApplication        : No active profile set, falling back to 1 default profile: "default"
2022-07-20 10:05:05.957  INFO 22712 --- [main] .s.d.r.c.RepositoryConfigurationDelegate : Bootstrapping Spring Data MongoDB repositories in DEFAULT mode.
2022-07-20 10:05:06.371  INFO 22712 --- [main] .s.d.r.c.RepositoryConfigurationDelegate : Finished Spring Data repository scanning in 387 ms. Found 1 MongoDB repository interfaces.
2022-07-20 10:05:06.895  INFO 22712 --- [main] o.s.cloud.context.scope.GenericScope     : BeanFactory id=68220dd5-9c2d-394d-83b0-be9f120c7cf2
2022-07-20 10:05:07.797  INFO 22712 --- [main] o.s.b.w.embedded.tomcat.TomcatWebServer  : Tomcat initialized with port(s): 9003 (http)
2022-07-20 10:05:07.820  INFO 22712 --- [main] o.apache.catalina.core.StandardService   : Starting service [Tomcat]
2022-07-20 10:05:07.822  INFO 22712 --- [main] org.apache.catalina.core.StandardEngine  : Starting Servlet engine: [Apache Tomcat/9.0.64]
2022-07-20 10:05:08.189  INFO 22712 --- [main] o.a.c.c.C.[Tomcat].[localhost].[/]       : Initializing Spring embedded WebApplicationContext
2022-07-20 10:05:08.190  INFO 22712 --- [main] w.s.c.ServletWebServerApplicationContext : Root WebApplicationContext: initialization completed in 4235 ms
2022-07-20 10:05:08.924  INFO 22712 --- [main] org.mongodb.driver.client                : MongoClient with metadata {"driver": {"name": "mongo-java-driver|sync|spring-boot", "version": "4.6.1"}, "os": {"type": "Windows", "name": "Windows 10", "architecture": "amd64", "version": "10.0"}, "platform": "Java/Oracle Corporation/11.0.11+9-LTS-194"} created with settings MongoClientSettings{readPreference=primary, writeConcern=WriteConcern{w=null, wTimeout=null ms, journal=null}, retryWrites=true, retryReads=true, readConcern=ReadConcern{level=null}, credential=null, streamFactoryFactory=null, commandListeners=[io.micrometer.core.instrument.binder.mongodb.MongoMetricsCommandListener@78318ac2], codecRegistry=ProvidersCodecRegistry{codecProviders=[ValueCodecProvider{}, BsonValueCodecProvider{}, DBRefCodecProvider{}, DBObjectCodecProvider{}, DocumentCodecProvider{}, IterableCodecProvider{}, MapCodecProvider{}, GeoJsonCodecProvider{}, GridFSFileCodecProvider{}, Jsr310CodecProvider{}, JsonObjectCodecProvider{}, BsonCodecProvider{}, EnumCodecProvider{}, com.mongodb.Jep395RecordCodecProvider@77ce88c4]}, clusterSettings={hosts=[localhost:27017], srvServiceName=mongodb, mode=SINGLE, requiredClusterType=UNKNOWN, requiredReplicaSetName='null', serverSelector='null', clusterListeners='[]', serverSelectionTimeout='30000 ms', localThreshold='30000 ms'}, socketSettings=SocketSettings{connectTimeoutMS=10000, readTimeoutMS=0, receiveBufferSize=0, sendBufferSize=0}, heartbeatSocketSettings=SocketSettings{connectTimeoutMS=10000, readTimeoutMS=10000, receiveBufferSize=0, sendBufferSize=0}, connectionPoolSettings=ConnectionPoolSettings{maxSize=100, minSize=0, maxWaitTimeMS=120000, maxConnectionLifeTimeMS=0, maxConnectionIdleTimeMS=0, maintenanceInitialDelayMS=0, maintenanceFrequencyMS=60000, connectionPoolListeners=[io.micrometer.core.instrument.binder.mongodb.MongoMetricsConnectionPoolListener@11abd6c], maxConnecting=2}, serverSettings=ServerSettings{heartbeatFrequencyMS=10000, minHeartbeatFrequencyMS=500, serverListeners='[]', serverMonitorListeners='[]'}, sslSettings=SslSettings{enabled=false, invalidHostNameAllowed=false, context=null}, applicationName='null', compressorList=[], uuidRepresentation=JAVA_LEGACY, serverApi=null, autoEncryptionSettings=null, contextProvider=null}
2022-07-20 10:05:08.945  INFO 22712 --- [cluster-rtt-ClusterId{value='62d819a4fb5d741c7271f1e4', description='null'}-localhost:27017] org.mongodb.driver.connection            : Opened connection [connectionId{localValue:2, serverValue:39}] to localhost:27017
2022-07-20 10:05:08.945  INFO 22712 --- [cluster-ClusterId{value='62d819a4fb5d741c7271f1e4', description='null'}-localhost:27017] org.mongodb.driver.connection            : Opened connection [connectionId{localValue:1, serverValue:38}] to localhost:27017
2022-07-20 10:05:08.951  INFO 22712 --- [cluster-ClusterId{value='62d819a4fb5d741c7271f1e4', description='null'}-localhost:27017] org.mongodb.driver.cluster               : Monitor thread successfully connected to server with description ServerDescription{address=localhost:27017, type=STANDALONE, state=CONNECTED, ok=true, minWireVersion=0, maxWireVersion=13, maxDocumentSize=16777216, logicalSessionTimeoutMinutes=30, roundTripTimeNanos=36499900}
2022-07-20 10:05:09.094  WARN 22712 --- [main] o.s.data.convert.CustomConversions       : Registering converter from class java.time.LocalDateTime to class org.joda.time.LocalDateTime as reading converter although it doesn't convert from a store-supported type; You might want to check your annotation setup at the converter implementation
2022-07-20 10:05:09.380  WARN 22712 --- [main] o.s.data.convert.CustomConversions       : Registering converter from class java.time.LocalDateTime to class org.joda.time.LocalDateTime as reading converter although it doesn't convert from a store-supported type; You might want to check your annotation setup at the converter implementation
2022-07-20 10:05:12.541  INFO 22712 --- [main] DiscoveryClientOptionalArgsConfiguration : Eureka HTTP Client uses RestTemplate.
2022-07-20 10:05:12.638  WARN 22712 --- [main] iguration$LoadBalancerCaffeineWarnLogger : Spring Cloud LoadBalancer is currently working with the default cache. While this cache implementation is useful for development and tests, it's recommended to use Caffeine cache in production.You can switch to using Caffeine cache, by adding it and org.springframework.cache.caffeine.CaffeineCacheManager to the classpath.
2022-07-20 10:05:12.657  INFO 22712 --- [main] o.s.b.a.e.web.EndpointLinksResolver      : Exposing 18 endpoint(s) beneath base path '/actuator'
2022-07-20 10:05:12.803  INFO 22712 --- [main] o.s.c.n.eureka.InstanceInfoFactory       : Setting initial instance status as: STARTING
2022-07-20 10:05:12.896  INFO 22712 --- [main] com.netflix.discovery.DiscoveryClient    : Initializing Eureka in region us-east-1
2022-07-20 10:05:12.910  INFO 22712 --- [main] c.n.d.s.r.aws.ConfigClusterResolver      : Resolving eureka endpoints via configuration
2022-07-20 10:05:12.966  INFO 22712 --- [main] com.netflix.discovery.DiscoveryClient    : Disable delta property : false
2022-07-20 10:05:12.967  INFO 22712 --- [main] com.netflix.discovery.DiscoveryClient    : Single vip registry refresh property : null
2022-07-20 10:05:12.969  INFO 22712 --- [main] com.netflix.discovery.DiscoveryClient    : Force full registry fetch : false
2022-07-20 10:05:12.971  INFO 22712 --- [main] com.netflix.discovery.DiscoveryClient    : Application is null : false
2022-07-20 10:05:12.972  INFO 22712 --- [main] com.netflix.discovery.DiscoveryClient    : Registered Applications size is zero : true
2022-07-20 10:05:12.972  INFO 22712 --- [main] com.netflix.discovery.DiscoveryClient    : Application version is -1: true
2022-07-20 10:05:12.973  INFO 22712 --- [main] com.netflix.discovery.DiscoveryClient    : Getting all instance registry info from the eureka server
2022-07-20 10:05:13.775  INFO 22712 --- [main] com.netflix.discovery.DiscoveryClient    : The response status is 200
2022-07-20 10:05:13.781  INFO 22712 --- [main] com.netflix.discovery.DiscoveryClient    : Starting heartbeat executor: renew interval is: 30
2022-07-20 10:05:13.786  INFO 22712 --- [main] c.n.discovery.InstanceInfoReplicator     : InstanceInfoReplicator onDemand update allowed rate per min is 4
2022-07-20 10:05:13.799  INFO 22712 --- [main] com.netflix.discovery.DiscoveryClient    : Discovery Client initialized at timestamp 1658329513797 with initial instances count: 2
2022-07-20 10:05:13.801  INFO 22712 --- [main] o.s.c.n.e.s.EurekaServiceRegistry        : Registering application ORDER-SERVICE with eureka with status UP
2022-07-20 10:05:13.803  INFO 22712 --- [main] com.netflix.discovery.DiscoveryClient    : Saw local status change event StatusChangeEvent [timestamp=1658329513803, current=UP, previous=STARTING]
2022-07-20 10:05:13.809  INFO 22712 --- [DiscoveryClient-InstanceInfoReplicator-0] com.netflix.discovery.DiscoveryClient    : DiscoveryClient_ORDER-SERVICE/host.docker.internal:order-service:9003: registering service...
2022-07-20 10:05:13.854  INFO 22712 --- [main] o.s.b.w.embedded.tomcat.TomcatWebServer  : Tomcat started on port(s): 9003 (http) with context path ''
2022-07-20 10:05:13.855  INFO 22712 --- [main] .s.c.n.e.s.EurekaAutoServiceRegistration : Updating port to 9003
2022-07-20 10:05:13.902  INFO 22712 --- [DiscoveryClient-InstanceInfoReplicator-0] com.netflix.discovery.DiscoveryClient    : DiscoveryClient_ORDER-SERVICE/host.docker.internal:order-service:9003 - registration status: 204
2022-07-20 10:05:14.537  INFO 22712 --- [main] com.order.OrderServiceApplication        : Started OrderServiceApplication in 12.408 seconds (JVM running for 14.505)
2022-07-20 10:05:14.561  INFO 22712 --- [RMI TCP Connection(3)-127.0.0.1] o.a.c.c.C.[Tomcat].[localhost].[/]       : Initializing Spring DispatcherServlet 'dispatcherServlet'
2022-07-20 10:05:14.561  INFO 22712 --- [RMI TCP Connection(3)-127.0.0.1] o.s.web.servlet.DispatcherServlet        : Initializing Servlet 'dispatcherServlet'
2022-07-20 10:05:14.564  INFO 22712 --- [RMI TCP Connection(3)-127.0.0.1] o.s.web.servlet.DispatcherServlet        : Completed initialization in 3 ms
2022-07-20 10:05:51.451 ERROR 22712 --- [http-nio-9003-exec-3] com.order.application.OrderServiceImpl   : No se pudo encontrar el producto
2022-07-20 10:07:14.779 ERROR 22712 --- [http-nio-9003-exec-6] com.order.application.OrderServiceImpl   : No se pudo encontrar el producto
2022-07-20 10:10:12.978  INFO 22712 --- [AsyncResolver-bootstrap-executor-0] c.n.d.s.r.aws.ConfigClusterResolver      : Resolving eureka endpoints via configuration
2022-07-20 10:15:12.991  INFO 22712 --- [AsyncResolver-bootstrap-executor-0] c.n.d.s.r.aws.ConfigClusterResolver      : Resolving eureka endpoints via configuration
2022-07-20 10:16:04.294 ERROR 22712 --- [http-nio-9003-exec-9] com.order.application.OrderServiceImpl   : No se pudo encontrar el producto
2022-07-20 10:16:21.917 ERROR 22712 --- [http-nio-9003-exec-10] com.order.application.OrderServiceImpl   : No se pudo encontrar el producto
2022-07-20 10:17:35.535 ERROR 22712 --- [http-nio-9003-exec-3] com.order.application.OrderServiceImpl   : No se pudo encontrar el producto
2022-07-20 10:18:01.151 ERROR 22712 --- [http-nio-9003-exec-5] com.order.application.OrderServiceImpl   : No se pudo encontrar el producto
2022-07-20 10:20:12.992  INFO 22712 --- [AsyncResolver-bootstrap-executor-0] c.n.d.s.r.aws.ConfigClusterResolver      : Resolving eureka endpoints via configuration
2022-07-20 10:20:49.017  INFO 22712 --- [RMI TCP Connection(20)-127.0.0.1] inMXBeanRegistrar$SpringApplicationAdmin : Application shutdown requested.
2022-07-20 10:20:49.020  INFO 22712 --- [RMI TCP Connection(20)-127.0.0.1] o.s.c.n.e.s.EurekaServiceRegistry        : Unregistering application ORDER-SERVICE with eureka with status DOWN
2022-07-20 10:20:49.021  INFO 22712 --- [RMI TCP Connection(20)-127.0.0.1] com.netflix.discovery.DiscoveryClient    : Saw local status change event StatusChangeEvent [timestamp=1658330449021, current=DOWN, previous=UP]
2022-07-20 10:20:49.024  INFO 22712 --- [DiscoveryClient-InstanceInfoReplicator-0] com.netflix.discovery.DiscoveryClient    : DiscoveryClient_ORDER-SERVICE/host.docker.internal:order-service:9003: registering service...
2022-07-20 10:20:49.039  INFO 22712 --- [DiscoveryClient-InstanceInfoReplicator-0] com.netflix.discovery.DiscoveryClient    : DiscoveryClient_ORDER-SERVICE/host.docker.internal:order-service:9003 - registration status: 204
2022-07-20 10:20:49.467  INFO 22712 --- [RMI TCP Connection(20)-127.0.0.1] com.netflix.discovery.DiscoveryClient    : Shutting down DiscoveryClient ...
2022-07-20 10:20:52.487  INFO 22712 --- [RMI TCP Connection(20)-127.0.0.1] com.netflix.discovery.DiscoveryClient    : Unregistering ...
2022-07-20 10:20:52.503  INFO 22712 --- [RMI TCP Connection(20)-127.0.0.1] com.netflix.discovery.DiscoveryClient    : DiscoveryClient_ORDER-SERVICE/host.docker.internal:order-service:9003 - deregister  status: 200
2022-07-20 10:20:52.514  INFO 22712 --- [RMI TCP Connection(20)-127.0.0.1] com.netflix.discovery.DiscoveryClient    : Completed shut down of DiscoveryClient
